2025-09-24 10:35:29,455 [INFO] Activator:176 - 


2025-09-24 10:35:29,467 [INFO] Activator:177 - !SESSION log4j initialized
2025-09-24 10:35:45,791 [INFO] LogOutputStream:77 - [STDOUT_REDIRECT] 
2025-09-24 10:35:51,556 [INFO] ApplicationProperties:184 - Using Application install path: C:\ST\STM32CubeIDE_1.19.0\STM32CubeIDE\plugins\com.st.stm32cube.common.mx_6.15.0.202507011659
2025-09-24 10:35:51,593 [INFO] DbMcusXml:78 - Set database path to: C:\ST\STM32CubeIDE_1.19.0\STM32CubeIDE\plugins\com.st.stm32cube.common.mx_6.15.0.202507011659\\db\/mcu/
2025-09-24 10:35:51,594 [INFO] ApiDb:274 - Set plugin database path to: C:\ST\STM32CubeIDE_1.19.0\STM32CubeIDE\plugins\com.st.stm32cube.common.mx_6.15.0.202507011659\\db\/plugins/boardmanager/
2025-09-24 10:35:51,594 [WARN] ApiDb:259 - Overriding images path with different value:  => C:\ST\STM32CubeIDE_1.19.0\STM32CubeIDE\plugins\com.st.stm32cube.common.mx_6.15.0.202507011659\\db\/plugins/mcufinder/images/
2025-09-24 10:35:51,613 [INFO] ApiDb:250 - Set database path to: C:\Users\Estudiante.DESKTOP-5OVK98J\.stmcufinder\plugins\mcufinder//mcu/
2025-09-24 10:35:51,615 [INFO] DbMcusAds:125 - Set database path to: C:\Users\Estudiante.DESKTOP-5OVK98J\.stmcufinder\plugins\mcufinder//mcu/
2025-09-24 10:35:51,620 [INFO] CrossReferenceDbSqlite:203 - Set database path to: C:\Users\Estudiante.DESKTOP-5OVK98J\.stmcufinder\plugins\mcufinder//mcu/cs/
2025-09-24 10:35:51,900 [INFO] RulesReader:64 - Compatibility file has been processed (317 Rules)
2025-09-24 10:35:52,100 [INFO] DbMcusXml:78 - Set database path to: C:\ST\STM32CubeIDE_1.19.0\STM32CubeIDE\plugins\com.st.stm32cube.common.mx_6.15.0.202507011659\\db\/mcu/
2025-09-24 10:35:52,101 [INFO] ApiDb:274 - Set plugin database path to: C:\ST\STM32CubeIDE_1.19.0\STM32CubeIDE\plugins\com.st.stm32cube.common.mx_6.15.0.202507011659\\db\/plugins/boardmanager/
2025-09-24 10:35:52,101 [INFO] ApiDb:261 - Set plugin images path to: C:\ST\STM32CubeIDE_1.19.0\STM32CubeIDE\plugins\com.st.stm32cube.common.mx_6.15.0.202507011659\\db\/plugins/mcufinder/images/
2025-09-24 10:35:52,101 [WARN] DbFile:41 - Overriding database path with different value: C:\Users\Estudiante.DESKTOP-5OVK98J\.stmcufinder\plugins\mcufinder/ => C:\Users\Estudiante.DESKTOP-5OVK98J\.stmcufinder\plugins\mcufinder
2025-09-24 10:35:52,101 [INFO] ApiDb:250 - Set database path to: C:\Users\Estudiante.DESKTOP-5OVK98J\.stmcufinder\plugins\mcufinder//mcu/
2025-09-24 10:35:52,102 [WARN] DbFile:41 - Overriding database path with different value: C:\Users\Estudiante.DESKTOP-5OVK98J\.stmcufinder\plugins\mcufinder/ => C:\Users\Estudiante.DESKTOP-5OVK98J\.stmcufinder\plugins\mcufinder
2025-09-24 10:35:52,102 [INFO] DbMcusAds:125 - Set database path to: C:\Users\Estudiante.DESKTOP-5OVK98J\.stmcufinder\plugins\mcufinder//mcu/
2025-09-24 10:35:52,102 [WARN] DbFile:41 - Overriding database path with different value: C:\Users\Estudiante.DESKTOP-5OVK98J\.stmcufinder\plugins\mcufinder/ => C:\Users\Estudiante.DESKTOP-5OVK98J\.stmcufinder\plugins\mcufinder
2025-09-24 10:35:52,102 [WARN] DbFile:41 - Overriding database path with different value: C:\Users\Estudiante.DESKTOP-5OVK98J\.stmcufinder\plugins\mcufinder/ => C:\Users\Estudiante.DESKTOP-5OVK98J\.stmcufinder\plugins\mcufinder
2025-09-24 10:35:52,102 [INFO] CrossReferenceDbSqlite:203 - Set database path to: C:\Users\Estudiante.DESKTOP-5OVK98J\.stmcufinder\plugins\mcufinder//mcu/cs/
2025-09-24 10:35:52,267 [INFO] MainPanel:274 - HeapMemory: 268435456
2025-09-24 10:35:52,536 [INFO] DbMcusXml:78 - Set database path to: C:\ST\STM32CubeIDE_1.19.0\STM32CubeIDE\plugins\com.st.stm32cube.common.mx_6.15.0.202507011659\\db\/mcu/
2025-09-24 10:35:52,537 [INFO] ApiDb:274 - Set plugin database path to: C:\ST\STM32CubeIDE_1.19.0\STM32CubeIDE\plugins\com.st.stm32cube.common.mx_6.15.0.202507011659\\db\/plugins/boardmanager/
2025-09-24 10:35:52,537 [INFO] ApiDb:261 - Set plugin images path to: C:\ST\STM32CubeIDE_1.19.0\STM32CubeIDE\plugins\com.st.stm32cube.common.mx_6.15.0.202507011659\\db\/plugins/mcufinder/images/
2025-09-24 10:35:52,538 [WARN] DbFile:41 - Overriding database path with different value: C:\Users\Estudiante.DESKTOP-5OVK98J\.stmcufinder\plugins\mcufinder/ => C:\Users\Estudiante.DESKTOP-5OVK98J\.stmcufinder\plugins\mcufinder
2025-09-24 10:35:52,538 [INFO] ApiDb:250 - Set database path to: C:\Users\Estudiante.DESKTOP-5OVK98J\.stmcufinder\plugins\mcufinder//mcu/
2025-09-24 10:35:52,538 [WARN] DbFile:41 - Overriding database path with different value: C:\Users\Estudiante.DESKTOP-5OVK98J\.stmcufinder\plugins\mcufinder/ => C:\Users\Estudiante.DESKTOP-5OVK98J\.stmcufinder\plugins\mcufinder
2025-09-24 10:35:52,539 [INFO] DbMcusAds:125 - Set database path to: C:\Users\Estudiante.DESKTOP-5OVK98J\.stmcufinder\plugins\mcufinder//mcu/
2025-09-24 10:35:52,539 [WARN] DbFile:41 - Overriding database path with different value: C:\Users\Estudiante.DESKTOP-5OVK98J\.stmcufinder\plugins\mcufinder/ => C:\Users\Estudiante.DESKTOP-5OVK98J\.stmcufinder\plugins\mcufinder
2025-09-24 10:35:52,539 [WARN] DbFile:41 - Overriding database path with different value: C:\Users\Estudiante.DESKTOP-5OVK98J\.stmcufinder\plugins\mcufinder/ => C:\Users\Estudiante.DESKTOP-5OVK98J\.stmcufinder\plugins\mcufinder
2025-09-24 10:35:52,539 [INFO] CrossReferenceDbSqlite:203 - Set database path to: C:\Users\Estudiante.DESKTOP-5OVK98J\.stmcufinder\plugins\mcufinder//mcu/cs/
2025-09-24 10:35:52,591 [INFO] ApplicationProperties:184 - Using Application install path: C:\ST\STM32CubeIDE_1.19.0\STM32CubeIDE\plugins\com.st.stm32cube.common.mx_6.15.0.202507011659
2025-09-24 10:35:52,595 [INFO] PluginManage:196 - Search for loadable plugins [exclusion list=, ]
2025-09-24 10:35:52,599 [INFO] PluginManage:310 - Check plugin analytics
2025-09-24 10:35:53,243 [INFO] AnalyticsPlugin:253 - Accepted Software Licenses: 
2025-09-24 10:35:53,244 [INFO] AnalyticsPlugin:255 - Accepted CMSIS Pack Licenses: 
2025-09-24 10:35:53,246 [INFO] AnalyticsPlugin:257 - Accepted Firmware Licenses: FW.F4.1.28.0
2025-09-24 10:35:53,252 [INFO] PluginManage:359 - Loaded plugin analytics (category:tool,tabindex:-1)
2025-09-24 10:35:53,253 [INFO] PluginManage:310 - Check plugin cadmodel
2025-09-24 10:35:53,308 [INFO] CADModel:105 - Init CAD model plugin
2025-09-24 10:35:53,309 [INFO] PluginManage:359 - Loaded plugin cadmodel (category:power,tabindex:5)
2025-09-24 10:35:53,309 [INFO] PluginManage:310 - Check plugin clock
2025-09-24 10:35:53,376 [INFO] PluginManage:359 - Loaded plugin clock (category:base,tabindex:2)
2025-09-24 10:35:53,376 [INFO] PluginManage:310 - Check plugin ddr
2025-09-24 10:35:53,381 [INFO] PluginManage:359 - Loaded plugin ddr (category:tool,tabindex:6)
2025-09-24 10:35:53,400 [INFO] PluginManage:310 - Check plugin filemanager
2025-09-24 10:35:53,870 [INFO] PluginManage:359 - Loaded plugin filemanager (category:base,tabindex:10)
2025-09-24 10:35:53,871 [INFO] PluginManage:310 - Check plugin ipmanager
2025-09-24 10:35:53,919 [INFO] PluginManage:359 - Loaded plugin ipmanager (category:base,tabindex:5)
2025-09-24 10:35:53,919 [INFO] PluginManage:310 - Check plugin lpbam
2025-09-24 10:35:54,022 [INFO] PluginManage:359 - Loaded plugin lpbam (category:base,tabindex:0)
2025-09-24 10:35:54,024 [INFO] PluginManage:310 - Check plugin memorymap
2025-09-24 10:35:54,085 [INFO] PluginManage:359 - Loaded plugin memorymap (category:base,tabindex:4)
2025-09-24 10:35:54,085 [INFO] PluginManage:310 - Check plugin pinoutandconfiguration
2025-09-24 10:35:54,131 [INFO] PluginManage:359 - Loaded plugin pinoutandconfiguration (category:base,tabindex:1)
2025-09-24 10:35:54,131 [INFO] PluginManage:310 - Check plugin pinoutconfig
2025-09-24 10:35:54,481 [WARN] SupportedApi:132 - Cannot load RTOS API schema: s4s-elt-must-match.1: The content of 'definitions' must match (annotation?, (simpleType | complexType)?, (unique | key | keyref)*)). A problem was found starting at: attribute.
2025-09-24 10:35:54,879 [INFO] PluginManage:359 - Loaded plugin pinoutconfig (category:base,tabindex:0)
2025-09-24 10:35:54,880 [INFO] PluginManage:310 - Check plugin power
2025-09-24 10:35:54,974 [INFO] PluginManage:359 - Loaded plugin power (category:power,tabindex:4)
2025-09-24 10:35:54,975 [INFO] PluginManage:310 - Check plugin projectmanager
2025-09-24 10:35:55,017 [INFO] PluginManage:359 - Loaded plugin projectmanager (category:projectmanager,tabindex:4)
2025-09-24 10:35:55,017 [INFO] PluginManage:310 - Check plugin rif
2025-09-24 10:35:55,068 [INFO] PluginManage:359 - Loaded plugin rif (category:base,tabindex:3)
2025-09-24 10:35:55,068 [INFO] PluginManage:310 - Check plugin thirdparty
2025-09-24 10:35:56,050 [INFO] PluginManage:359 - Loaded plugin thirdparty (category:base,tabindex:-1)
2025-09-24 10:35:56,051 [INFO] PluginManage:310 - Check plugin tools
2025-09-24 10:35:56,190 [INFO] PluginManage:359 - Loaded plugin tools (category:base,tabindex:7)
2025-09-24 10:35:56,191 [INFO] PluginManage:310 - Check plugin tutovideos
2025-09-24 10:35:56,244 [WARN] IntegrityCheckThread:84 - waiting for thirdparty lock release [integrity check]
2025-09-24 10:35:56,273 [INFO] IntegrityCheckThread:86 - entering critical section [integrity check]
2025-09-24 10:35:56,285 [INFO] ThirdPartyUpdaterWithRetryManager:70 - Updater plugin not ready yet. [1/15]
2025-09-24 10:35:56,886 [INFO] PluginManage:359 - Loaded plugin tutovideos (category:base,tabindex:-1)
2025-09-24 10:35:56,886 [INFO] PluginManage:310 - Check plugin updater
2025-09-24 10:35:56,957 [INFO] PluginManage:359 - Loaded plugin updater (category:base,tabindex:12)
2025-09-24 10:35:56,957 [INFO] PluginManage:310 - Check plugin userauth
2025-09-24 10:35:56,964 [INFO] UserAuth:118 - Init User Auth plugin
2025-09-24 10:35:56,966 [INFO] PluginManage:359 - Loaded plugin userauth (category:base,tabindex:14)
2025-09-24 10:35:56,967 [INFO] PluginManage:283 - PluginManage : Loaded plugins [18]
2025-09-24 10:35:57,504 [INFO] PinOutPanel:1589 - setPackage(No Configuration,No Configuration)
2025-09-24 10:35:57,873 [INFO] CADModel:165 - CPN selected for project level
2025-09-24 10:35:57,873 [INFO] CADModel:114 - Register for checkConnection events
2025-09-24 10:35:58,281 [INFO] IPUIPlugin:80 - create IPUIPlugin
2025-09-24 10:35:58,282 [INFO] PluginManager:220 - loadIPPluginJar : add adc
2025-09-24 10:35:58,401 [INFO] IPUIPlugin:80 - create IPUIPlugin
2025-09-24 10:35:58,401 [INFO] PluginManager:220 - loadIPPluginJar : add aes
2025-09-24 10:35:58,528 [INFO] IPUIPlugin:80 - create IPUIPlugin
2025-09-24 10:35:58,530 [INFO] PluginManager:220 - loadIPPluginJar : add can
2025-09-24 10:35:58,744 [INFO] IPUIPlugin:80 - create IPUIPlugin
2025-09-24 10:35:58,744 [INFO] PluginManager:220 - loadIPPluginJar : add comp
2025-09-24 10:35:58,890 [INFO] IPUIPlugin:80 - create IPUIPlugin
2025-09-24 10:35:58,890 [INFO] PluginManager:220 - loadIPPluginJar : add cryp
2025-09-24 10:35:58,927 [INFO] IPUIPlugin:80 - create IPUIPlugin
2025-09-24 10:35:58,927 [INFO] PluginManager:220 - loadIPPluginJar : add ddr_ctrl_phy
2025-09-24 10:35:59,020 [INFO] IPUIPlugin:80 - create IPUIPlugin
2025-09-24 10:35:59,020 [INFO] PluginManager:220 - loadIPPluginJar : add dfsdm
2025-09-24 10:35:59,058 [INFO] IPUIPlugin:80 - create IPUIPlugin
2025-09-24 10:35:59,059 [INFO] PluginManager:220 - loadIPPluginJar : add dma
2025-09-24 10:35:59,186 [INFO] IPUIPlugin:80 - create IPUIPlugin
2025-09-24 10:35:59,186 [INFO] PluginManager:220 - loadIPPluginJar : add dma3
2025-09-24 10:35:59,286 [INFO] ThirdPartyUpdaterWithRetryManager:70 - Updater plugin not ready yet. [2/15]
2025-09-24 10:35:59,328 [INFO] IPUIPlugin:80 - create IPUIPlugin
2025-09-24 10:35:59,329 [INFO] PluginManager:220 - loadIPPluginJar : add extmemmanager
2025-09-24 10:35:59,389 [INFO] IPUIPlugin:80 - create IPUIPlugin
2025-09-24 10:35:59,390 [INFO] PluginManager:220 - loadIPPluginJar : add fatfs
2025-09-24 10:35:59,602 [INFO] IPUIPlugin:80 - create IPUIPlugin
2025-09-24 10:35:59,603 [INFO] PluginManager:220 - loadIPPluginJar : add fmc
2025-09-24 10:35:59,678 [INFO] IPUIPlugin:80 - create IPUIPlugin
2025-09-24 10:35:59,679 [INFO] PluginManager:220 - loadIPPluginJar : add freertos
2025-09-24 10:35:59,758 [INFO] IPUIPlugin:80 - create IPUIPlugin
2025-09-24 10:35:59,758 [INFO] PluginManager:220 - loadIPPluginJar : add genericplugin
2025-09-24 10:36:00,134 [INFO] IPUIPlugin:80 - create IPUIPlugin
2025-09-24 10:36:00,134 [INFO] PluginManager:220 - loadIPPluginJar : add gfxmmu
2025-09-24 10:36:00,668 [INFO] IPUIPlugin:80 - create IPUIPlugin
2025-09-24 10:36:00,668 [INFO] PluginManager:220 - loadIPPluginJar : add gic
2025-09-24 10:36:00,712 [INFO] IPUIPlugin:80 - create IPUIPlugin
2025-09-24 10:36:00,713 [INFO] PluginManager:220 - loadIPPluginJar : add gpio
2025-09-24 10:36:01,005 [INFO] IPUIPlugin:80 - create IPUIPlugin
2025-09-24 10:36:01,005 [INFO] PluginManager:220 - loadIPPluginJar : add gtzc
2025-09-24 10:36:01,121 [INFO] IPUIPlugin:80 - create IPUIPlugin
2025-09-24 10:36:01,121 [INFO] PluginManager:220 - loadIPPluginJar : add hash
2025-09-24 10:36:01,313 [INFO] IPUIPlugin:80 - create IPUIPlugin
2025-09-24 10:36:01,313 [INFO] PluginManager:220 - loadIPPluginJar : add i2c
2025-09-24 10:36:01,430 [INFO] IPUIPlugin:80 - create IPUIPlugin
2025-09-24 10:36:01,431 [INFO] PluginManager:220 - loadIPPluginJar : add i2s
2025-09-24 10:36:01,547 [INFO] IPUIPlugin:80 - create IPUIPlugin
2025-09-24 10:36:01,548 [INFO] PluginManager:220 - loadIPPluginJar : add i3c
2025-09-24 10:36:01,825 [INFO] IPUIPlugin:80 - create IPUIPlugin
2025-09-24 10:36:01,825 [INFO] PluginManager:220 - loadIPPluginJar : add ipddr
2025-09-24 10:36:02,147 [INFO] IPUIPlugin:80 - create IPUIPlugin
2025-09-24 10:36:02,150 [INFO] PluginManager:220 - loadIPPluginJar : add linkedlist
2025-09-24 10:36:02,277 [INFO] IPUIPlugin:80 - create IPUIPlugin
2025-09-24 10:36:02,277 [INFO] PluginManager:220 - loadIPPluginJar : add lorawan
2025-09-24 10:36:02,287 [INFO] ThirdPartyUpdaterWithRetryManager:70 - Updater plugin not ready yet. [3/15]
2025-09-24 10:36:02,384 [INFO] IPUIPlugin:80 - create IPUIPlugin
2025-09-24 10:36:02,385 [INFO] PluginManager:220 - loadIPPluginJar : add ltdc
2025-09-24 10:36:02,420 [INFO] IPUIPlugin:80 - create IPUIPlugin
2025-09-24 10:36:02,420 [INFO] PluginManager:220 - loadIPPluginJar : add mdma
2025-09-24 10:36:02,453 [INFO] IPUIPlugin:80 - create IPUIPlugin
2025-09-24 10:36:02,454 [INFO] PluginManager:220 - loadIPPluginJar : add nvic
2025-09-24 10:36:02,561 [INFO] IPUIPlugin:80 - create IPUIPlugin
2025-09-24 10:36:02,561 [INFO] PluginManager:220 - loadIPPluginJar : add opamp
2025-09-24 10:36:02,742 [INFO] IPUIPlugin:80 - create IPUIPlugin
2025-09-24 10:36:02,743 [INFO] PluginManager:220 - loadIPPluginJar : add openamp
2025-09-24 10:36:02,922 [INFO] IPUIPlugin:80 - create IPUIPlugin
2025-09-24 10:36:02,923 [INFO] PluginManager:220 - loadIPPluginJar : add pdm2pcm
2025-09-24 10:36:02,967 [INFO] IPUIPlugin:80 - create IPUIPlugin
2025-09-24 10:36:02,974 [INFO] PluginManager:220 - loadIPPluginJar : add plateformsettings
2025-09-24 10:36:03,054 [INFO] IPUIPlugin:80 - create IPUIPlugin
2025-09-24 10:36:03,055 [INFO] PluginManager:220 - loadIPPluginJar : add quadspi
2025-09-24 10:36:03,142 [INFO] IPUIPlugin:80 - create IPUIPlugin
2025-09-24 10:36:03,144 [INFO] PluginManager:220 - loadIPPluginJar : add radio
2025-09-24 10:36:03,187 [INFO] IPUIPlugin:80 - create IPUIPlugin
2025-09-24 10:36:03,187 [INFO] PluginManager:220 - loadIPPluginJar : add resmgrutility
2025-09-24 10:36:03,326 [INFO] IPUIPlugin:80 - create IPUIPlugin
2025-09-24 10:36:03,327 [INFO] PluginManager:220 - loadIPPluginJar : add sai
2025-09-24 10:36:03,444 [INFO] IPUIPlugin:80 - create IPUIPlugin
2025-09-24 10:36:03,444 [INFO] PluginManager:220 - loadIPPluginJar : add spi
2025-09-24 10:36:03,722 [INFO] IPUIPlugin:80 - create IPUIPlugin
2025-09-24 10:36:03,723 [INFO] PluginManager:220 - loadIPPluginJar : add stm32_wpan
2025-09-24 10:36:03,799 [INFO] IPUIPlugin:80 - create IPUIPlugin
2025-09-24 10:36:03,799 [INFO] PluginManager:220 - loadIPPluginJar : add tim
2025-09-24 10:36:03,982 [INFO] IPUIPlugin:80 - create IPUIPlugin
2025-09-24 10:36:03,983 [INFO] PluginManager:220 - loadIPPluginJar : add touchsensing
2025-09-24 10:36:04,059 [INFO] IPUIPlugin:80 - create IPUIPlugin
2025-09-24 10:36:04,059 [INFO] PluginManager:220 - loadIPPluginJar : add tracer_emb
2025-09-24 10:36:04,132 [INFO] IPUIPlugin:80 - create IPUIPlugin
2025-09-24 10:36:04,132 [INFO] PluginManager:220 - loadIPPluginJar : add ts
2025-09-24 10:36:04,200 [INFO] IPUIPlugin:80 - create IPUIPlugin
2025-09-24 10:36:04,200 [INFO] PluginManager:220 - loadIPPluginJar : add tsc
2025-09-24 10:36:04,267 [INFO] IPUIPlugin:80 - create IPUIPlugin
2025-09-24 10:36:04,267 [INFO] PluginManager:220 - loadIPPluginJar : add ucpd
2025-09-24 10:36:04,392 [INFO] IPUIPlugin:80 - create IPUIPlugin
2025-09-24 10:36:04,393 [INFO] PluginManager:220 - loadIPPluginJar : add usart
2025-09-24 10:36:04,520 [INFO] IPUIPlugin:80 - create IPUIPlugin
2025-09-24 10:36:04,521 [INFO] PluginManager:220 - loadIPPluginJar : add usbx
2025-09-24 10:36:04,711 [FATAL] Updater:351 - Updater called before beeing initialized
2025-09-24 10:36:04,774 [INFO] RulesReader:64 - Compatibility file has been processed (317 Rules)
2025-09-24 10:36:04,803 [INFO] RulesReader:64 - Compatibility file has been processed (317 Rules)
2025-09-24 10:36:04,819 [INFO] CADModel:165 - CPN selected for project level
2025-09-24 10:36:04,819 [INFO] CADModel:114 - Register for checkConnection events
2025-09-24 10:36:04,820 [FATAL] Updater:351 - Updater called before beeing initialized
2025-09-24 10:36:04,820 [ERROR] CADModel:125 - Updater not yet initialized, retry later 
2025-09-24 10:36:05,091 [FATAL] Updater:351 - Updater called before beeing initialized
2025-09-24 10:36:05,096 [INFO] CADModel:165 - CPN selected for project level
2025-09-24 10:36:05,096 [INFO] CADModel:114 - Register for checkConnection events
2025-09-24 10:36:05,096 [FATAL] Updater:351 - Updater called before beeing initialized
2025-09-24 10:36:05,096 [ERROR] CADModel:125 - Updater not yet initialized, retry later 
2025-09-24 10:36:05,102 [FATAL] Updater:351 - Updater called before beeing initialized
2025-09-24 10:36:05,288 [INFO] ThirdPartyUpdaterWithRetryManager:70 - Updater plugin not ready yet. [4/15]
2025-09-24 10:36:05,395 [FATAL] Updater:351 - Updater called before beeing initialized
2025-09-24 10:36:05,421 [INFO] DbMcusAds:53 - JSON generation date=Tue Jul 08 05:14:23 ART 2025 (1751962463541)
2025-09-24 10:36:05,422 [FATAL] Updater:351 - Updater called before beeing initialized
2025-09-24 10:36:05,638 [WARN] DetailPanel:346 - Failed to get advertising image, set to default
2025-09-24 10:36:06,029 [FATAL] Updater:351 - Updater called before beeing initialized
2025-09-24 10:36:06,032 [FATAL] Updater:351 - Updater called before beeing initialized
2025-09-24 10:36:06,033 [FATAL] Updater:351 - Updater called before beeing initialized
2025-09-24 10:36:06,033 [WARN] DetailPanel:346 - Failed to get advertising image, set to default
2025-09-24 10:36:06,034 [FATAL] Updater:351 - Updater called before beeing initialized
2025-09-24 10:36:06,265 [ERROR] Updater:1198 - MainUpdater not yet initialized. External WinMGr cannot be set.
2025-09-24 10:36:06,290 [INFO] Updater:1134 - Updater Version found : 6.15.0
2025-09-24 10:36:06,318 [INFO] ApplicationProperties:184 - Using Application install path: C:\ST\STM32CubeIDE_1.19.0\STM32CubeIDE\plugins\com.st.stm32cube.common.mx_6.15.0.202507011659
2025-09-24 10:36:07,929 [ERROR] LogOutputStream:75 - [STDERR_REDIRECT] Sep 24, 2025 10:36:07 AM java.util.prefs.WindowsPreferences <init>
2025-09-24 10:36:07,934 [ERROR] LogOutputStream:75 - [STDERR_REDIRECT] WARNING: Could not open/create prefs root node Software\JavaSoft\Prefs at root 0xffffffff80000002. Windows RegCreateKeyEx(...) returned error code 5.
2025-09-24 10:36:07,934 [ERROR] LogOutputStream:75 - [STDERR_REDIRECT] 
2025-09-24 10:36:08,290 [FATAL] Updater:351 - Updater called before beeing initialized
2025-09-24 10:36:08,291 [ERROR] IntegrityCheckThread:130 - Cannot retrieve database content from updater: error 21
2025-09-24 10:36:08,307 [INFO] ThirdParty:978 - Integrity check success = false
2025-09-24 10:36:08,308 [INFO] IntegrityCheckThread:100 - exiting critical section [integrity check]
2025-09-24 10:36:08,308 [INFO] IntegrityCheckThread:103 - End integrity checks thread
2025-09-24 10:36:09,076 [INFO] MainUpdater:2872 - connection check result : 10
2025-09-24 10:36:09,077 [INFO] MainUpdater:289 - Updater Check For Update Now.
2025-09-24 10:36:09,078 [INFO] MicroXplorer:498 - Change Database Version : DB.6.0.150
2025-09-24 10:36:09,113 [INFO] McuFinderGlobals:63 - Set McuFinder mode to 2 (CubeIDE integrated)
2025-09-24 10:36:09,132 [INFO] UserAuth:487 - Internet connection configuration mode: 1
2025-09-24 10:36:09,382 [INFO] JxBrowserEngine:152 - Initiate JxBrowser Engine with user profile folder
2025-09-24 10:36:09,529 [INFO] CheckServerUpdateThread:120 - End of CheckServer Thread
2025-09-24 10:36:12,119 [INFO] WebApp:169 - Instantiating new browser for Auth
2025-09-24 10:36:15,071 [INFO] WebApp:463 - Apply proxy settings
2025-09-24 10:36:15,072 [INFO] WebApp:548 - Chromium requires no authentication
2025-09-24 10:36:15,090 [INFO] WebApp:491 - Direct internet connection detected
2025-09-24 10:36:15,155 [INFO] WebApp:900 - Register for checkConnection events
2025-09-24 10:36:15,155 [INFO] WebApp:463 - Apply proxy settings
2025-09-24 10:36:15,155 [INFO] WebApp:548 - Chromium requires no authentication
2025-09-24 10:36:15,161 [INFO] WebApp:491 - Direct internet connection detected
2025-09-24 10:36:15,531 [INFO] WebApp:225 - Starting web application
2025-09-24 10:36:15,531 [INFO] WebApp:593 - Web application path used C:\ST\STM32CubeIDE_1.19.0\STM32CubeIDE\plugins\com.st.stm32cube.common.mx_6.15.0.202507011659\db\plugins\mcufinder\reactClient1\index.html
2025-09-24 10:36:15,733 [INFO] WebApp:191 - Connection restablished
2025-09-24 10:36:16,566 [INFO] UserAuth:487 - Internet connection configuration mode: 1
